<?xml version="1.0" encoding="UTF-8"?>
<testng-results ignored="0" total="6" passed="6" failed="0" skipped="0">
  <reporter-output>
  </reporter-output>
  <suite started-at="2025-04-21T23:19:14 IST" name="ExtentReports" finished-at="2025-04-21T23:19:19 IST" duration-ms="5170">
    <groups>
    </groups>
    <test started-at="2025-04-21T23:19:14 IST" name="on chrome browser" finished-at="2025-04-21T23:19:16 IST" duration-ms="2376">
      <class name="Tests.TestCase01">
        <test-method is-config="true" signature="driverinit(java.lang.String)[pri:0, instance:Tests.TestCase01@495ee280]" started-at="2025-04-21T23:19:14 IST" name="driverinit" finished-at="2025-04-21T23:19:15 IST" duration-ms="1374" status="PASS">
          <params>
            <param index="0">
              <value>
                <![CDATA[chrome]]>
              </value>
            </param>
          </params>
          <reporter-output>
          </reporter-output>
        </test-method> <!-- driverinit -->
        <test-method is-config="true" signature="beforeEachMethod(java.lang.reflect.Method)[pri:0, instance:Tests.TestCase01@495ee280]" started-at="2025-04-21T23:19:16 IST" name="beforeEachMethod" finished-at="2025-04-21T23:19:16 IST" duration-ms="139" status="PASS">
          <params>
            <param index="0">
              <value>
                <![CDATA[public void Tests.TestCase01.testcase01()]]>
              </value>
            </param>
          </params>
          <reporter-output>
          </reporter-output>
        </test-method> <!-- beforeEachMethod -->
        <test-method signature="testcase01()[pri:0, instance:Tests.TestCase01@495ee280]" started-at="2025-04-21T23:19:16 IST" name="testcase01" description="testcaseo1" finished-at="2025-04-21T23:19:16 IST" duration-ms="461" status="PASS">
          <reporter-output>
          </reporter-output>
        </test-method> <!-- testcase01 -->
        <test-method is-config="true" signature="afterEachMethod(org.testng.ITestResult)[pri:0, instance:Tests.TestCase01@495ee280]" started-at="2025-04-21T23:19:16 IST" name="afterEachMethod" finished-at="2025-04-21T23:19:16 IST" duration-ms="0" status="PASS">
          <params>
            <param index="0">
              <value>
                <![CDATA[[TestResult name=testcase01 status=SUCCESS method=TestCase01.testcase01()[pri:0, instance:Tests.TestCase01@495ee280] output={null}]]]>
              </value>
            </param>
          </params>
          <reporter-output>
          </reporter-output>
        </test-method> <!-- afterEachMethod -->
        <test-method signature="testcase02()[pri:0, instance:Tests.TestCase01@495ee280]" started-at="2025-04-21T23:19:16 IST" name="testcase02" description="testcaseo2" finished-at="2025-04-21T23:19:16 IST" duration-ms="4" status="PASS">
          <reporter-output>
          </reporter-output>
        </test-method> <!-- testcase02 -->
        <test-method is-config="true" signature="beforeEachMethod(java.lang.reflect.Method)[pri:0, instance:Tests.TestCase01@495ee280]" started-at="2025-04-21T23:19:16 IST" name="beforeEachMethod" finished-at="2025-04-21T23:19:16 IST" duration-ms="0" status="PASS">
          <params>
            <param index="0">
              <value>
                <![CDATA[public void Tests.TestCase01.testcase02()]]>
              </value>
            </param>
          </params>
          <reporter-output>
          </reporter-output>
        </test-method> <!-- beforeEachMethod -->
        <test-method is-config="true" signature="afterEachMethod(org.testng.ITestResult)[pri:0, instance:Tests.TestCase01@495ee280]" started-at="2025-04-21T23:19:16 IST" name="afterEachMethod" finished-at="2025-04-21T23:19:16 IST" duration-ms="3" status="PASS">
          <params>
            <param index="0">
              <value>
                <![CDATA[[TestResult name=testcase02 status=SUCCESS method=TestCase01.testcase02()[pri:0, instance:Tests.TestCase01@495ee280] output={null}]]]>
              </value>
            </param>
          </params>
          <reporter-output>
          </reporter-output>
        </test-method> <!-- afterEachMethod -->
        <test-method is-config="true" signature="beforeEachMethod(java.lang.reflect.Method)[pri:0, instance:Tests.TestCase01@495ee280]" started-at="2025-04-21T23:19:16 IST" name="beforeEachMethod" finished-at="2025-04-21T23:19:16 IST" duration-ms="2" status="PASS">
          <params>
            <param index="0">
              <value>
                <![CDATA[public void Tests.TestCase01.testcase03()]]>
              </value>
            </param>
          </params>
          <reporter-output>
          </reporter-output>
        </test-method> <!-- beforeEachMethod -->
        <test-method signature="testcase03()[pri:0, instance:Tests.TestCase01@495ee280]" started-at="2025-04-21T23:19:16 IST" name="testcase03" description="testcaseo3" finished-at="2025-04-21T23:19:16 IST" duration-ms="0" status="PASS">
          <reporter-output>
          </reporter-output>
        </test-method> <!-- testcase03 -->
        <test-method is-config="true" signature="afterEachMethod(org.testng.ITestResult)[pri:0, instance:Tests.TestCase01@495ee280]" started-at="2025-04-21T23:19:16 IST" name="afterEachMethod" finished-at="2025-04-21T23:19:16 IST" duration-ms="2" status="PASS">
          <params>
            <param index="0">
              <value>
                <![CDATA[[TestResult name=testcase03 status=SUCCESS method=TestCase01.testcase03()[pri:0, instance:Tests.TestCase01@495ee280] output={null}]]]>
              </value>
            </param>
          </params>
          <reporter-output>
          </reporter-output>
        </test-method> <!-- afterEachMethod -->
        <test-method is-config="true" signature="afterSuite()[pri:0, instance:Tests.TestCase01@495ee280]" started-at="2025-04-21T23:19:16 IST" name="afterSuite" finished-at="2025-04-21T23:19:16 IST" duration-ms="331" status="PASS">
          <reporter-output>
          </reporter-output>
        </test-method> <!-- afterSuite -->
      </class> <!-- Tests.TestCase01 -->
    </test> <!-- on chrome browser -->
    <test started-at="2025-04-21T23:19:14 IST" name="on firefox browser" finished-at="2025-04-21T23:19:19 IST" duration-ms="5170">
      <class name="Tests.TestCase01">
        <test-method is-config="true" signature="driverinit(java.lang.String)[pri:0, instance:Tests.TestCase01@421e361]" started-at="2025-04-21T23:19:14 IST" name="driverinit" finished-at="2025-04-21T23:19:18 IST" duration-ms="3468" status="PASS">
          <params>
            <param index="0">
              <value>
                <![CDATA[firefox]]>
              </value>
            </param>
          </params>
          <reporter-output>
          </reporter-output>
        </test-method> <!-- driverinit -->
        <test-method is-config="true" signature="beforeEachMethod(java.lang.reflect.Method)[pri:0, instance:Tests.TestCase01@421e361]" started-at="2025-04-21T23:19:18 IST" name="beforeEachMethod" finished-at="2025-04-21T23:19:18 IST" duration-ms="3" status="PASS">
          <params>
            <param index="0">
              <value>
                <![CDATA[public void Tests.TestCase01.testcase01()]]>
              </value>
            </param>
          </params>
          <reporter-output>
          </reporter-output>
        </test-method> <!-- beforeEachMethod -->
        <test-method signature="testcase01()[pri:0, instance:Tests.TestCase01@421e361]" started-at="2025-04-21T23:19:18 IST" name="testcase01" description="testcaseo1" finished-at="2025-04-21T23:19:18 IST" duration-ms="736" status="PASS">
          <reporter-output>
          </reporter-output>
        </test-method> <!-- testcase01 -->
        <test-method is-config="true" signature="beforeEachMethod(java.lang.reflect.Method)[pri:0, instance:Tests.TestCase01@421e361]" started-at="2025-04-21T23:19:18 IST" name="beforeEachMethod" finished-at="2025-04-21T23:19:18 IST" duration-ms="4" status="PASS">
          <params>
            <param index="0">
              <value>
                <![CDATA[public void Tests.TestCase01.testcase02()]]>
              </value>
            </param>
          </params>
          <reporter-output>
          </reporter-output>
        </test-method> <!-- beforeEachMethod -->
        <test-method is-config="true" signature="afterEachMethod(org.testng.ITestResult)[pri:0, instance:Tests.TestCase01@421e361]" started-at="2025-04-21T23:19:18 IST" name="afterEachMethod" finished-at="2025-04-21T23:19:18 IST" duration-ms="0" status="PASS">
          <params>
            <param index="0">
              <value>
                <![CDATA[[TestResult name=testcase01 status=SUCCESS method=TestCase01.testcase01()[pri:0, instance:Tests.TestCase01@421e361] output={null}]]]>
              </value>
            </param>
          </params>
          <reporter-output>
          </reporter-output>
        </test-method> <!-- afterEachMethod -->
        <test-method signature="testcase02()[pri:0, instance:Tests.TestCase01@421e361]" started-at="2025-04-21T23:19:18 IST" name="testcase02" description="testcaseo2" finished-at="2025-04-21T23:19:18 IST" duration-ms="0" status="PASS">
          <reporter-output>
          </reporter-output>
        </test-method> <!-- testcase02 -->
        <test-method is-config="true" signature="afterEachMethod(org.testng.ITestResult)[pri:0, instance:Tests.TestCase01@421e361]" started-at="2025-04-21T23:19:18 IST" name="afterEachMethod" finished-at="2025-04-21T23:19:18 IST" duration-ms="0" status="PASS">
          <params>
            <param index="0">
              <value>
                <![CDATA[[TestResult name=testcase02 status=SUCCESS method=TestCase01.testcase02()[pri:0, instance:Tests.TestCase01@421e361] output={null}]]]>
              </value>
            </param>
          </params>
          <reporter-output>
          </reporter-output>
        </test-method> <!-- afterEachMethod -->
        <test-method is-config="true" signature="beforeEachMethod(java.lang.reflect.Method)[pri:0, instance:Tests.TestCase01@421e361]" started-at="2025-04-21T23:19:18 IST" name="beforeEachMethod" finished-at="2025-04-21T23:19:18 IST" duration-ms="5" status="PASS">
          <params>
            <param index="0">
              <value>
                <![CDATA[public void Tests.TestCase01.testcase03()]]>
              </value>
            </param>
          </params>
          <reporter-output>
          </reporter-output>
        </test-method> <!-- beforeEachMethod -->
        <test-method signature="testcase03()[pri:0, instance:Tests.TestCase01@421e361]" started-at="2025-04-21T23:19:18 IST" name="testcase03" description="testcaseo3" finished-at="2025-04-21T23:19:18 IST" duration-ms="0" status="PASS">
          <reporter-output>
          </reporter-output>
        </test-method> <!-- testcase03 -->
        <test-method is-config="true" signature="afterEachMethod(org.testng.ITestResult)[pri:0, instance:Tests.TestCase01@421e361]" started-at="2025-04-21T23:19:18 IST" name="afterEachMethod" finished-at="2025-04-21T23:19:18 IST" duration-ms="2" status="PASS">
          <params>
            <param index="0">
              <value>
                <![CDATA[[TestResult name=testcase03 status=SUCCESS method=TestCase01.testcase03()[pri:0, instance:Tests.TestCase01@421e361] output={null}]]]>
              </value>
            </param>
          </params>
          <reporter-output>
          </reporter-output>
        </test-method> <!-- afterEachMethod -->
        <test-method is-config="true" signature="afterSuite()[pri:0, instance:Tests.TestCase01@421e361]" started-at="2025-04-21T23:19:18 IST" name="afterSuite" finished-at="2025-04-21T23:19:19 IST" duration-ms="936" status="PASS">
          <reporter-output>
          </reporter-output>
        </test-method> <!-- afterSuite -->
      </class> <!-- Tests.TestCase01 -->
    </test> <!-- on firefox browser -->
  </suite> <!-- ExtentReports -->
</testng-results>
