<?xml version="1.0" encoding="UTF-8"?>
<testng-results ignored="0" total="2" passed="2" failed="0" skipped="0">
  <reporter-output>
  </reporter-output>
  <suite started-at="2025-04-21T00:27:52 IST" name="ExtentReports" finished-at="2025-04-21T00:28:25 IST" duration-ms="32272">
    <groups>
    </groups>
    <test started-at="2025-04-21T00:27:52 IST" name="on chrome browser" finished-at="2025-04-21T00:27:58 IST" duration-ms="5327">
      <class name="Tests.TestCase01">
        <test-method is-config="true" signature="initSetup(java.lang.String)[pri:0, instance:Tests.TestCase01@2e32ccc5]" started-at="2025-04-21T00:27:52 IST" name="initSetup" finished-at="2025-04-21T00:27:56 IST" duration-ms="3286" status="PASS">
          <params>
            <param index="0">
              <value>
                <![CDATA[chrome]]>
              </value>
            </param>
          </params>
          <reporter-output>
          </reporter-output>
        </test-method> <!-- initSetup -->
        <test-method signature="testcase01()[pri:0, instance:Tests.TestCase01@2e32ccc5]" started-at="2025-04-21T00:27:56 IST" name="testcase01" description="testcaseo1" finished-at="2025-04-21T00:27:58 IST" duration-ms="2011" status="PASS">
          <reporter-output>
          </reporter-output>
        </test-method> <!-- testcase01 -->
      </class> <!-- Tests.TestCase01 -->
    </test> <!-- on chrome browser -->
    <test started-at="2025-04-21T00:27:52 IST" name="on firefox browser" finished-at="2025-04-21T00:28:25 IST" duration-ms="32272">
      <class name="Tests.TestCase01">
        <test-method is-config="true" signature="initSetup(java.lang.String)[pri:0, instance:Tests.TestCase01@29a5f4e7]" started-at="2025-04-21T00:27:52 IST" name="initSetup" finished-at="2025-04-21T00:28:24 IST" duration-ms="31247" status="PASS">
          <params>
            <param index="0">
              <value>
                <![CDATA[firefox]]>
              </value>
            </param>
          </params>
          <reporter-output>
          </reporter-output>
        </test-method> <!-- initSetup -->
        <test-method signature="testcase01()[pri:0, instance:Tests.TestCase01@29a5f4e7]" started-at="2025-04-21T00:28:24 IST" name="testcase01" description="testcaseo1" finished-at="2025-04-21T00:28:25 IST" duration-ms="1008" status="PASS">
          <reporter-output>
          </reporter-output>
        </test-method> <!-- testcase01 -->
      </class> <!-- Tests.TestCase01 -->
    </test> <!-- on firefox browser -->
  </suite> <!-- ExtentReports -->
</testng-results>
